INFO: latexindent version 3.5.3, 2018-10-13, a script to indent .tex files
      latexindent lives here: /usr/local/texlive/2018/texmf-dist/scripts/latexindent/
      Tue Apr 28 13:57:10 2020
      Filename: Chapter_02.tex
INFO: Processing switches:
INFO: Directory for backup files and indent.log: .
INFO: YAML settings read: defaultSettings.yaml
      Reading defaultSettings.yaml from /usr/local/texlive/2018/texmf-dist/scripts/latexindent/defaultSettings.yaml
INFO: YAML settings read: indentconfig.yaml or .indentconfig.yaml
      Home directory is /Users/jclee (didn't find either indentconfig.yaml or .indentconfig.yaml)
      To specify user settings you would put indentconfig.yaml here: /Users/jclee/indentconfig.yaml
      Alternatively, you can use the hidden file .indentconfig.yaml as: /Users/jclee/.indentconfig.yaml
INFO: Phase 1: searching for objects
INFO: Phase 2: finding surrounding indentation
INFO: Phase 3: indenting objects
INFO: Phase 4: final indentation check
INFO: Output routine:
      Not outputting to file; see -w and -o switches for more options.
      --------------
INFO: Please direct all communication/issues to:
      https://github.com/cmhughes/latexindent.pl
